Bringing machine 'master.mihura.com' up with 'virtualbox' provider...
Bringing machine 'node1.mihura.com' up with 'virtualbox' provider...
==> master.mihura.com: Importing base box 'centos/7'...
[KProgress: 30%[KProgress: 40%[KProgress: 50%[KProgress: 80%[KProgress: 90%[K==> master.mihura.com: Matching MAC address for NAT networking...
==> master.mihura.com: Checking if box 'centos/7' is up to date...
==> master.mihura.com: Setting the name of the VM: puppet_mastermihuracom_1474730100865_3208
==> master.mihura.com: Fixed port collision for 22 => 2222. Now on port 2201.
==> master.mihura.com: Clearing any previously set network interfaces...
==> master.mihura.com: Preparing network interfaces based on configuration...
    master.mihura.com: Adapter 1: nat
    master.mihura.com: Adapter 2: hostonly
==> master.mihura.com: Forwarding ports...
    master.mihura.com: 22 (guest) => 2201 (host) (adapter 1)
==> master.mihura.com: Running 'pre-boot' VM customizations...
==> master.mihura.com: Booting VM...
==> master.mihura.com: Waiting for machine to boot. This may take a few minutes...
    master.mihura.com: SSH address: 127.0.0.1:2201
    master.mihura.com: SSH username: vagrant
    master.mihura.com: SSH auth method: private key
    master.mihura.com: Warning: Remote connection disconnect. Retrying...
    master.mihura.com: Warning: Remote connection disconnect. Retrying...
    master.mihura.com: Warning: Remote connection disconnect. Retrying...
    master.mihura.com: 
    master.mihura.com: Vagrant insecure key detected. Vagrant will automatically replace
    master.mihura.com: this with a newly generated keypair for better security.
    master.mihura.com: 
    master.mihura.com: Inserting generated public key within guest...
    master.mihura.com: Removing insecure key from the guest if it's present...
    master.mihura.com: Key inserted! Disconnecting and reconnecting using new SSH key...
==> master.mihura.com: Machine booted and ready!
[master.mihura.com] No installation found.
Loaded plugins: fastestmirror
Determining fastest mirrors
 * base: ftp.byfly.by
 * extras: ftp.byfly.by
 * updates: ftp.byfly.by
Package binutils-2.23.52.0.1-55.el7.x86_64 already installed and latest version
Package 1:make-3.82-21.el7.x86_64 already installed and latest version
Package bzip2-1.0.6-13.el7.x86_64 already installed and latest version
Resolving Dependencies
--> Running transaction check
---> Package gcc.x86_64 0:4.8.5-4.el7 will be installed
--> Processing Dependency: cpp = 4.8.5-4.el7 for package: gcc-4.8.5-4.el7.x86_64
--> Processing Dependency: glibc-devel >= 2.2.90-12 for package: gcc-4.8.5-4.el7.x86_64
--> Processing Dependency: libmpfr.so.4()(64bit) for package: gcc-4.8.5-4.el7.x86_64
--> Processing Dependency: libmpc.so.3()(64bit) for package: gcc-4.8.5-4.el7.x86_64
---> Package kernel-devel.x86_64 0:3.10.0-327.28.3.el7 will be installed
---> Package perl.x86_64 4:5.16.3-286.el7 will be installed
--> Processing Dependency: perl-libs = 4:5.16.3-286.el7 for package: 4:perl-5.16.3-286.el7.x86_64
--> Processing Dependency: perl(Socket) >= 1.3 for package: 4:perl-5.16.3-286.el7.x86_64
--> Processing Dependency: perl(Scalar::Util) >= 1.10 for package: 4:perl-5.16.3-286.el7.x86_64
--> Processing Dependency: perl-macros for package: 4:perl-5.16.3-286.el7.x86_64
--> Processing Dependency: perl-libs for package: 4:perl-5.16.3-286.el7.x86_64
--> Processing Dependency: perl(threads::shared) for package: 4:perl-5.16.3-286.el7.x86_64
--> Processing Dependency: perl(threads) for package: 4:perl-5.16.3-286.el7.x86_64
--> Processing Dependency: perl(constant) for package: 4:perl-5.16.3-286.el7.x86_64
--> Processing Dependency: perl(Time::Local) for package: 4:perl-5.16.3-286.el7.x86_64
--> Processing Dependency: perl(Time::HiRes) for package: 4:perl-5.16.3-286.el7.x86_64
--> Processing Dependency: perl(Storable) for package: 4:perl-5.16.3-286.el7.x86_64
--> Processing Dependency: perl(Socket) for package: 4:perl-5.16.3-286.el7.x86_64
--> Processing Dependency: perl(Scalar::Util) for package: 4:perl-5.16.3-286.el7.x86_64
--> Processing Dependency: perl(Pod::Simple::XHTML) for package: 4:perl-5.16.3-286.el7.x86_64
--> Processing Dependency: perl(Pod::Simple::Search) for package: 4:perl-5.16.3-286.el7.x86_64
--> Processing Dependency: perl(Getopt::Long) for package: 4:perl-5.16.3-286.el7.x86_64
--> Processing Dependency: perl(Filter::Util::Call) for package: 4:perl-5.16.3-286.el7.x86_64
--> Processing Dependency: perl(File::Temp) for package: 4:perl-5.16.3-286.el7.x86_64
--> Processing Dependency: perl(File::Spec::Unix) for package: 4:perl-5.16.3-286.el7.x86_64
--> Processing Dependency: perl(File::Spec::Functions) for package: 4:perl-5.16.3-286.el7.x86_64
--> Processing Dependency: perl(File::Spec) for package: 4:perl-5.16.3-286.el7.x86_64
--> Processing Dependency: perl(File::Path) for package: 4:perl-5.16.3-286.el7.x86_64
--> Processing Dependency: perl(Exporter) for package: 4:perl-5.16.3-286.el7.x86_64
--> Processing Dependency: perl(Cwd) for package: 4:perl-5.16.3-286.el7.x86_64
--> Processing Dependency: perl(Carp) for package: 4:perl-5.16.3-286.el7.x86_64
--> Processing Dependency: libperl.so()(64bit) for package: 4:perl-5.16.3-286.el7.x86_64
--> Running transaction check
---> Package cpp.x86_64 0:4.8.5-4.el7 will be installed
---> Package glibc-devel.x86_64 0:2.17-106.el7_2.8 will be installed
--> Processing Dependency: glibc-headers = 2.17-106.el7_2.8 for package: glibc-devel-2.17-106.el7_2.8.x86_64
--> Processing Dependency: glibc-headers for package: glibc-devel-2.17-106.el7_2.8.x86_64
---> Package libmpc.x86_64 0:1.0.1-3.el7 will be installed
---> Package mpfr.x86_64 0:3.1.1-4.el7 will be installed
---> Package perl-Carp.noarch 0:1.26-244.el7 will be installed
---> Package perl-Exporter.noarch 0:5.68-3.el7 will be installed
---> Package perl-File-Path.noarch 0:2.09-2.el7 will be installed
---> Package perl-File-Temp.noarch 0:0.23.01-3.el7 will be installed
---> Package perl-Filter.x86_64 0:1.49-3.el7 will be installed
---> Package perl-Getopt-Long.noarch 0:2.40-2.el7 will be installed
--> Processing Dependency: perl(Pod::Usage) >= 1.14 for package: perl-Getopt-Long-2.40-2.el7.noarch
--> Processing Dependency: perl(Text::ParseWords) for package: perl-Getopt-Long-2.40-2.el7.noarch
---> Package perl-PathTools.x86_64 0:3.40-5.el7 will be installed
---> Package perl-Pod-Simple.noarch 1:3.28-4.el7 will be installed
--> Processing Dependency: perl(Pod::Escapes) >= 1.04 for package: 1:perl-Pod-Simple-3.28-4.el7.noarch
--> Processing Dependency: perl(Encode) for package: 1:perl-Pod-Simple-3.28-4.el7.noarch
---> Package perl-Scalar-List-Utils.x86_64 0:1.27-248.el7 will be installed
---> Package perl-Socket.x86_64 0:2.010-3.el7 will be installed
---> Package perl-Storable.x86_64 0:2.45-3.el7 will be installed
---> Package perl-Time-HiRes.x86_64 4:1.9725-3.el7 will be installed
---> Package perl-Time-Local.noarch 0:1.2300-2.el7 will be installed
---> Package perl-constant.noarch 0:1.27-2.el7 will be installed
---> Package perl-libs.x86_64 4:5.16.3-286.el7 will be installed
---> Package perl-macros.x86_64 4:5.16.3-286.el7 will be installed
---> Package perl-threads.x86_64 0:1.87-4.el7 will be installed
---> Package perl-threads-shared.x86_64 0:1.43-6.el7 will be installed
--> Running transaction check
---> Package glibc-headers.x86_64 0:2.17-106.el7_2.8 will be installed
--> Processing Dependency: kernel-headers >= 2.2.1 for package: glibc-headers-2.17-106.el7_2.8.x86_64
--> Processing Dependency: kernel-headers for package: glibc-headers-2.17-106.el7_2.8.x86_64
---> Package perl-Encode.x86_64 0:2.51-7.el7 will be installed
---> Package perl-Pod-Escapes.noarch 1:1.04-286.el7 will be installed
---> Package perl-Pod-Usage.noarch 0:1.63-3.el7 will be installed
--> Processing Dependency: perl(Pod::Text) >= 3.15 for package: perl-Pod-Usage-1.63-3.el7.noarch
--> Processing Dependency: perl-Pod-Perldoc for package: perl-Pod-Usage-1.63-3.el7.noarch
---> Package perl-Text-ParseWords.noarch 0:3.29-4.el7 will be installed
--> Running transaction check
---> Package kernel-headers.x86_64 0:3.10.0-327.36.1.el7 will be installed
---> Package perl-Pod-Perldoc.noarch 0:3.20-4.el7 will be installed
--> Processing Dependency: perl(parent) for package: perl-Pod-Perldoc-3.20-4.el7.noarch
--> Processing Dependency: perl(HTTP::Tiny) for package: perl-Pod-Perldoc-3.20-4.el7.noarch
---> Package perl-podlators.noarch 0:2.5.1-3.el7 will be installed
--> Running transaction check
---> Package perl-HTTP-Tiny.noarch 0:0.033-3.el7 will be installed
---> Package perl-parent.noarch 1:0.225-244.el7 will be installed
--> Finished Dependency Resolution

Dependencies Resolved

================================================================================
 Package                   Arch      Version                   Repository  Size
================================================================================
Installing:
 gcc                       x86_64    4.8.5-4.el7               base        16 M
 kernel-devel              x86_64    3.10.0-327.28.3.el7       updates     11 M
 perl                      x86_64    4:5.16.3-286.el7          base       8.0 M
Installing for dependencies:
 cpp                       x86_64    4.8.5-4.el7               base       5.9 M
 glibc-devel               x86_64    2.17-106.el7_2.8          updates    1.0 M
 glibc-headers             x86_64    2.17-106.el7_2.8          updates    663 k
 kernel-headers            x86_64    3.10.0-327.36.1.el7       updates    3.2 M
 libmpc                    x86_64    1.0.1-3.el7               base        51 k
 mpfr                      x86_64    3.1.1-4.el7               base       203 k
 perl-Carp                 noarch    1.26-244.el7              base        19 k
 perl-Encode               x86_64    2.51-7.el7                base       1.5 M
 perl-Exporter             noarch    5.68-3.el7                base        28 k
 perl-File-Path            noarch    2.09-2.el7                base        26 k
 perl-File-Temp            noarch    0.23.01-3.el7             base        56 k
 perl-Filter               x86_64    1.49-3.el7                base        76 k
 perl-Getopt-Long          noarch    2.40-2.el7                base        56 k
 perl-HTTP-Tiny            noarch    0.033-3.el7               base        38 k
 perl-PathTools            x86_64    3.40-5.el7                base        82 k
 perl-Pod-Escapes          noarch    1:1.04-286.el7            base        50 k
 perl-Pod-Perldoc          noarch    3.20-4.el7                base        87 k
 perl-Pod-Simple           noarch    1:3.28-4.el7              base       216 k
 perl-Pod-Usage            noarch    1.63-3.el7                base        27 k
 perl-Scalar-List-Utils    x86_64    1.27-248.el7              base        36 k
 perl-Socket               x86_64    2.010-3.el7               base        49 k
 perl-Storable             x86_64    2.45-3.el7                base        77 k
 perl-Text-ParseWords      noarch    3.29-4.el7                base        14 k
 perl-Time-HiRes           x86_64    4:1.9725-3.el7            base        45 k
 perl-Time-Local           noarch    1.2300-2.el7              base        24 k
 perl-constant             noarch    1.27-2.el7                base        19 k
 perl-libs                 x86_64    4:5.16.3-286.el7          base       687 k
 perl-macros               x86_64    4:5.16.3-286.el7          base        43 k
 perl-parent               noarch    1:0.225-244.el7           base        12 k
 perl-podlators            noarch    2.5.1-3.el7               base       112 k
 perl-threads              x86_64    1.87-4.el7                base        49 k
 perl-threads-shared       x86_64    1.43-6.el7                base        39 k

Transaction Summary
================================================================================
Install  3 Packages (+32 Dependent packages)

Total download size: 50 M
Installed size: 128 M
Downloading packages:
Public key for glibc-headers-2.17-106.el7_2.8.x86_64.rpm is not installed
warning: /var/cache/yum/x86_64/7/updates/packages/glibc-headers-2.17-106.el7_2.8.x86_64.rpm: Header V3 RSA/SHA256 Signature, key ID f4a80eb5: NOKEY
Public key for cpp-4.8.5-4.el7.x86_64.rpm is not installed
--------------------------------------------------------------------------------
Total                                              9.8 MB/s |  50 MB  00:05     
Retrieving key from file:///etc/pki/rpm-gpg/RPM-GPG-KEY-CentOS-7
Importing GPG key 0xF4A80EB5:
 Userid     : "CentOS-7 Key (CentOS 7 Official Signing Key) <security@centos.org>"
 Fingerprint: 6341 ab27 53d7 8a78 a7c2 7bb1 24c6 a8a7 f4a8 0eb5
 Package    : centos-release-7-2.1511.el7.centos.2.10.x86_64 (@anaconda)
 From       : /etc/pki/rpm-gpg/RPM-GPG-KEY-CentOS-7
Running transaction check
Running transaction test
Transaction test succeeded
Running transaction
  Installing : mpfr-3.1.1-4.el7.x86_64                                     1/35 
  Installing : libmpc-1.0.1-3.el7.x86_64                                   2/35 
  Installing : cpp-4.8.5-4.el7.x86_64                                      3/35 
  Installing : 1:perl-parent-0.225-244.el7.noarch                          4/35 
  Installing : perl-HTTP-Tiny-0.033-3.el7.noarch                           5/35 
  Installing : perl-podlators-2.5.1-3.el7.noarch                           6/35 
  Installing : perl-Pod-Perldoc-3.20-4.el7.noarch                          7/35 
  Installing : 1:perl-Pod-Escapes-1.04-286.el7.noarch                      8/35 
  Installing : perl-Text-ParseWords-3.29-4.el7.noarch                      9/35 
  Installing : perl-Encode-2.51-7.el7.x86_64                              10/35 
  Installing : perl-Pod-Usage-1.63-3.el7.noarch                           11/35 
  Installing : 4:perl-libs-5.16.3-286.el7.x86_64                          12/35 
  Installing : 4:perl-macros-5.16.3-286.el7.x86_64                        13/35 
  Installing : perl-Storable-2.45-3.el7.x86_64                            14/35 
  Installing : perl-Exporter-5.68-3.el7.noarch                            15/35 
  Installing : perl-constant-1.27-2.el7.noarch                            16/35 
  Installing : perl-Time-Local-1.2300-2.el7.noarch                        17/35 
  Installing : perl-Socket-2.010-3.el7.x86_64                             18/35 
  Installing : perl-Carp-1.26-244.el7.noarch                              19/35 
  Installing : 4:perl-Time-HiRes-1.9725-3.el7.x86_64                      20/35 
  Installing : perl-PathTools-3.40-5.el7.x86_64                           21/35 
  Installing : perl-Scalar-List-Utils-1.27-248.el7.x86_64                 22/35 
  Installing : perl-File-Temp-0.23.01-3.el7.noarch                        23/35 
  Installing : perl-File-Path-2.09-2.el7.noarch                           24/35 
  Installing : perl-threads-shared-1.43-6.el7.x86_64                      25/35 
  Installing : perl-threads-1.87-4.el7.x86_64                             26/35 
  Installing : perl-Filter-1.49-3.el7.x86_64                              27/35 
  Installing : 1:perl-Pod-Simple-3.28-4.el7.noarch                        28/35 
  Installing : perl-Getopt-Long-2.40-2.el7.noarch                         29/35 
  Installing : 4:perl-5.16.3-286.el7.x86_64                               30/35 
  Installing : kernel-headers-3.10.0-327.36.1.el7.x86_64                  31/35 
  Installing : glibc-headers-2.17-106.el7_2.8.x86_64                      32/35 
  Installing : glibc-devel-2.17-106.el7_2.8.x86_64                        33/35 
  Installing : gcc-4.8.5-4.el7.x86_64                                     34/35 
  Installing : kernel-devel-3.10.0-327.28.3.el7.x86_64                    35/35 
  Verifying  : perl-HTTP-Tiny-0.033-3.el7.noarch                           1/35 
  Verifying  : gcc-4.8.5-4.el7.x86_64                                      2/35 
  Verifying  : perl-threads-shared-1.43-6.el7.x86_64                       3/35 
  Verifying  : perl-Storable-2.45-3.el7.x86_64                             4/35 
  Verifying  : mpfr-3.1.1-4.el7.x86_64                                     5/35 
  Verifying  : perl-Exporter-5.68-3.el7.noarch                             6/35 
  Verifying  : perl-constant-1.27-2.el7.noarch                             7/35 
  Verifying  : perl-PathTools-3.40-5.el7.x86_64                            8/35 
  Verifying  : kernel-devel-3.10.0-327.28.3.el7.x86_64                     9/35 
  Verifying  : 4:perl-libs-5.16.3-286.el7.x86_64                          10/35 
  Verifying  : 4:perl-macros-5.16.3-286.el7.x86_64                        11/35 
  Verifying  : 1:perl-parent-0.225-244.el7.noarch                         12/35 
  Verifying  : 4:perl-5.16.3-286.el7.x86_64                               13/35 
  Verifying  : glibc-devel-2.17-106.el7_2.8.x86_64                        14/35 
  Verifying  : perl-File-Temp-0.23.01-3.el7.noarch                        15/35 
  Verifying  : 1:perl-Pod-Simple-3.28-4.el7.noarch                        16/35 
  Verifying  : glibc-headers-2.17-106.el7_2.8.x86_64                      17/35 
  Verifying  : perl-Time-Local-1.2300-2.el7.noarch                        18/35 
  Verifying  : perl-Pod-Perldoc-3.20-4.el7.noarch                         19/35 
  Verifying  : perl-Socket-2.010-3.el7.x86_64                             20/35 
  Verifying  : kernel-headers-3.10.0-327.36.1.el7.x86_64                  21/35 
  Verifying  : perl-Carp-1.26-244.el7.noarch                              22/35 
  Verifying  : 4:perl-Time-HiRes-1.9725-3.el7.x86_64                      23/35 
  Verifying  : perl-Scalar-List-Utils-1.27-248.el7.x86_64                 24/35 
  Verifying  : libmpc-1.0.1-3.el7.x86_64                                  25/35 
  Verifying  : 1:perl-Pod-Escapes-1.04-286.el7.noarch                     26/35 
  Verifying  : perl-Pod-Usage-1.63-3.el7.noarch                           27/35 
  Verifying  : perl-Encode-2.51-7.el7.x86_64                              28/35 
  Verifying  : perl-podlators-2.5.1-3.el7.noarch                          29/35 
  Verifying  : perl-Getopt-Long-2.40-2.el7.noarch                         30/35 
  Verifying  : cpp-4.8.5-4.el7.x86_64                                     31/35 
  Verifying  : perl-File-Path-2.09-2.el7.noarch                           32/35 
  Verifying  : perl-threads-1.87-4.el7.x86_64                             33/35 
  Verifying  : perl-Filter-1.49-3.el7.x86_64                              34/35 
  Verifying  : perl-Text-ParseWords-3.29-4.el7.noarch                     35/35 

Installed:
  gcc.x86_64 0:4.8.5-4.el7         kernel-devel.x86_64 0:3.10.0-327.28.3.el7    
  perl.x86_64 4:5.16.3-286.el7    

Dependency Installed:
  cpp.x86_64 0:4.8.5-4.el7                                                      
  glibc-devel.x86_64 0:2.17-106.el7_2.8                                         
  glibc-headers.x86_64 0:2.17-106.el7_2.8                                       
  kernel-headers.x86_64 0:3.10.0-327.36.1.el7                                   
  libmpc.x86_64 0:1.0.1-3.el7                                                   
  mpfr.x86_64 0:3.1.1-4.el7                                                     
  perl-Carp.noarch 0:1.26-244.el7                                               
  perl-Encode.x86_64 0:2.51-7.el7                                               
  perl-Exporter.noarch 0:5.68-3.el7                                             
  perl-File-Path.noarch 0:2.09-2.el7                                            
  perl-File-Temp.noarch 0:0.23.01-3.el7                                         
  perl-Filter.x86_64 0:1.49-3.el7                                               
  perl-Getopt-Long.noarch 0:2.40-2.el7                                          
  perl-HTTP-Tiny.noarch 0:0.033-3.el7                                           
  perl-PathTools.x86_64 0:3.40-5.el7                                            
  perl-Pod-Escapes.noarch 1:1.04-286.el7                                        
  perl-Pod-Perldoc.noarch 0:3.20-4.el7                                          
  perl-Pod-Simple.noarch 1:3.28-4.el7                                           
  perl-Pod-Usage.noarch 0:1.63-3.el7                                            
  perl-Scalar-List-Utils.x86_64 0:1.27-248.el7                                  
  perl-Socket.x86_64 0:2.010-3.el7                                              
  perl-Storable.x86_64 0:2.45-3.el7                                             
  perl-Text-ParseWords.noarch 0:3.29-4.el7                                      
  perl-Time-HiRes.x86_64 4:1.9725-3.el7                                         
  perl-Time-Local.noarch 0:1.2300-2.el7                                         
  perl-constant.noarch 0:1.27-2.el7                                             
  perl-libs.x86_64 4:5.16.3-286.el7                                             
  perl-macros.x86_64 4:5.16.3-286.el7                                           
  perl-parent.noarch 1:0.225-244.el7                                            
  perl-podlators.noarch 0:2.5.1-3.el7                                           
  perl-threads.x86_64 0:1.87-4.el7                                              
  perl-threads-shared.x86_64 0:1.43-6.el7                                       

Complete!
Copy iso file /usr/share/virtualbox/VBoxGuestAdditions.iso into the box /tmp/VBoxGuestAdditions.iso
mount: /dev/loop0 is write-protected, mounting read-only
Installing Virtualbox Guest Additions 5.0.24 - guest version is unknown
Verifying archive integrity... All good.
Uncompressing VirtualBox 5.0.24 Guest Additions for Linux............
VirtualBox Guest Additions installer
Copying additional installer modules ...
Installing additional modules ...
Removing existing VirtualBox non-DKMS kernel modules[  OK  ]
Building the VirtualBox Guest Additions kernel modules
Building the main Guest Additions module[  OK  ]
Building the shared folder support module[  OK  ]
Building the graphics driver module[  OK  ]
Doing non-kernel setup of the Guest Additions[  OK  ]
Starting the VirtualBox Guest Additions Installing the Window System drivers
Could not find the X.Org or XFree86 Window System, skipping.
[  OK  ]
==> master.mihura.com: Checking for guest additions in VM...
==> master.mihura.com: Setting hostname...
==> master.mihura.com: Configuring and enabling network interfaces...
==> master.mihura.com: Rsyncing folder: /home/Student/exit/puppet/ => /vagrant
==> master.mihura.com: Running provisioner: shell...
    master.mihura.com: Running: inline script
==> master.mihura.com: warning: /var/tmp/rpm-tmp.rGefFb: Header V4 RSA/SHA512 Signature, key ID 4bd6ec30: NOKEY
==> master.mihura.com: Retrieving https://yum.puppetlabs.com/puppetlabs-release-pc1-el-7.noarch.rpm
==> master.mihura.com: Preparing...                          ########################################
==> master.mihura.com: Updating / installing...
==> master.mihura.com: puppetlabs-release-pc1-1.1.0-2.el7    ########################################
==> master.mihura.com: Loaded plugins: fastestmirror
==> master.mihura.com: Loading mirror speeds from cached hostfile
==> master.mihura.com:  * base: ftp.byfly.by
==> master.mihura.com:  * extras: ftp.byfly.by
==> master.mihura.com:  * updates: ftp.byfly.by
==> master.mihura.com: Resolving Dependencies
==> master.mihura.com: --> Running transaction check
==> master.mihura.com: ---> Package puppet-agent.x86_64 0:1.7.0-1.el7 will be installed
==> master.mihura.com: --> Finished Dependency Resolution
==> master.mihura.com: 
==> master.mihura.com: Dependencies Resolved
==> master.mihura.com: 
==> master.mihura.com: ================================================================================
==> master.mihura.com:  Package            Arch         Version             Repository            Size
==> master.mihura.com: ================================================================================
==> master.mihura.com: Installing:
==> master.mihura.com:  puppet-agent       x86_64       1.7.0-1.el7         puppetlabs-pc1        24 M
==> master.mihura.com: 
==> master.mihura.com: Transaction Summary
==> master.mihura.com: ================================================================================
==> master.mihura.com: Install  1 Package
==> master.mihura.com: 
==> master.mihura.com: Total download size: 24 M
==> master.mihura.com: Installed size: 114 M
==> master.mihura.com: Downloading packages:
==> master.mihura.com: Public key for puppet-agent-1.7.0-1.el7.x86_64.rpm is not installed
==> master.mihura.com: warning: /var/cache/yum/x86_64/7/puppetlabs-pc1/packages/puppet-agent-1.7.0-1.el7.x86_64.rpm: Header V4 RSA/SHA1 Signature, key ID ef8d349f: NOKEY
==> master.mihura.com: Retrieving key from file:///etc/pki/rpm-gpg/RPM-GPG-KEY-puppetlabs-PC1
==> master.mihura.com: Importing GPG key 0x4BD6EC30:
==> master.mihura.com:  Userid     : "Puppet Labs Release Key (Puppet Labs Release Key) <info@puppetlabs.com>"
==> master.mihura.com:  Fingerprint: 47b3 20eb 4c7c 375a a9da e1a0 1054 b7a2 4bd6 ec30
==> master.mihura.com:  Package    : puppetlabs-release-pc1-1.1.0-2.el7.noarch (installed)
==> master.mihura.com:  From       : /etc/pki/rpm-gpg/RPM-GPG-KEY-puppetlabs-PC1
==> master.mihura.com: Retrieving key from file:///etc/pki/rpm-gpg/RPM-GPG-KEY-puppet-PC1
==> master.mihura.com: Importing GPG key 0xEF8D349F:
==> master.mihura.com:  Userid     : "Puppet, Inc. Release Key (Puppet, Inc. Release Key) <release@puppet.com>"
==> master.mihura.com:  Fingerprint: 6f6b 1550 9cf8 e59e 6e46 9f32 7f43 8280 ef8d 349f
==> master.mihura.com:  Package    : puppetlabs-release-pc1-1.1.0-2.el7.noarch (installed)
==> master.mihura.com:  From       : /etc/pki/rpm-gpg/RPM-GPG-KEY-puppet-PC1
==> master.mihura.com: Running transaction check
==> master.mihura.com: Running transaction test
==> master.mihura.com: Transaction test succeeded
==> master.mihura.com: Running transaction
==> master.mihura.com: Warning: RPMDB altered outside of yum.
==> master.mihura.com:   Installing : puppet-agent-1.7.0-1.el7.x86_64                              1/1
==> master.mihura.com:  
==> master.mihura.com:   Verifying  : puppet-agent-1.7.0-1.el7.x86_64                              1/1
==> master.mihura.com:  
==> master.mihura.com: 
==> master.mihura.com: Installed:
==> master.mihura.com:   puppet-agent.x86_64 0:1.7.0-1.el7                                             
==> master.mihura.com: 
==> master.mihura.com: Complete!
==> master.mihura.com: [mNotice: Compiled catalog for master.mihura.com in environment production in 0.81 seconds[0m
==> master.mihura.com: [mNotice: /Stage[main]/Exit::Master/Host[node1.mihura.com]/ensure: created[0m
==> master.mihura.com: [mNotice: /Stage[main]/Exit::Master/Package[puppetserver]/ensure: created[0m
==> master.mihura.com: [mNotice: /Stage[main]/Exit::Master/File[/etc/puppetlabs/puppet/autosign.conf]/ensure: defined content as '{md5}e7b02f38c541846725eb99f93146219f'[0m
==> master.mihura.com: [mNotice: /Stage[main]/Exit::Master/Service[puppetserver]/ensure: ensure changed 'stopped' to 'running'[0m
==> master.mihura.com: [mNotice: Applied catalog in 92.87 seconds[0m
==> node1.mihura.com: Importing base box 'centos/7'...
[KProgress: 30%[KProgress: 40%[KProgress: 50%[KProgress: 80%[KProgress: 90%[K==> node1.mihura.com: Matching MAC address for NAT networking...
==> node1.mihura.com: Checking if box 'centos/7' is up to date...
==> node1.mihura.com: Setting the name of the VM: puppet_node1mihuracom_1474730384768_33888
==> node1.mihura.com: Fixed port collision for 22 => 2222. Now on port 2202.
==> node1.mihura.com: Clearing any previously set network interfaces...
==> node1.mihura.com: Preparing network interfaces based on configuration...
    node1.mihura.com: Adapter 1: nat
    node1.mihura.com: Adapter 2: hostonly
==> node1.mihura.com: Forwarding ports...
    node1.mihura.com: 22 (guest) => 2202 (host) (adapter 1)
==> node1.mihura.com: Running 'pre-boot' VM customizations...
==> node1.mihura.com: Booting VM...
==> node1.mihura.com: Waiting for machine to boot. This may take a few minutes...
    node1.mihura.com: SSH address: 127.0.0.1:2202
    node1.mihura.com: SSH username: vagrant
    node1.mihura.com: SSH auth method: private key
    node1.mihura.com: Warning: Remote connection disconnect. Retrying...
    node1.mihura.com: Warning: Remote connection disconnect. Retrying...
    node1.mihura.com: Warning: Remote connection disconnect. Retrying...
    node1.mihura.com: 
    node1.mihura.com: Vagrant insecure key detected. Vagrant will automatically replace
    node1.mihura.com: this with a newly generated keypair for better security.
    node1.mihura.com: 
    node1.mihura.com: Inserting generated public key within guest...
    node1.mihura.com: Removing insecure key from the guest if it's present...
    node1.mihura.com: Key inserted! Disconnecting and reconnecting using new SSH key...
==> node1.mihura.com: Machine booted and ready!
[node1.mihura.com] No installation found.
Loaded plugins: fastestmirror
Determining fastest mirrors
 * base: ftp.byfly.by
 * extras: ftp.byfly.by
 * updates: ftp.byfly.by
Package binutils-2.23.52.0.1-55.el7.x86_64 already installed and latest version
Package 1:make-3.82-21.el7.x86_64 already installed and latest version
Package bzip2-1.0.6-13.el7.x86_64 already installed and latest version
Resolving Dependencies
--> Running transaction check
---> Package gcc.x86_64 0:4.8.5-4.el7 will be installed
--> Processing Dependency: cpp = 4.8.5-4.el7 for package: gcc-4.8.5-4.el7.x86_64
--> Processing Dependency: glibc-devel >= 2.2.90-12 for package: gcc-4.8.5-4.el7.x86_64
--> Processing Dependency: libmpfr.so.4()(64bit) for package: gcc-4.8.5-4.el7.x86_64
--> Processing Dependency: libmpc.so.3()(64bit) for package: gcc-4.8.5-4.el7.x86_64
---> Package kernel-devel.x86_64 0:3.10.0-327.28.3.el7 will be installed
---> Package perl.x86_64 4:5.16.3-286.el7 will be installed
--> Processing Dependency: perl-libs = 4:5.16.3-286.el7 for package: 4:perl-5.16.3-286.el7.x86_64
--> Processing Dependency: perl(Socket) >= 1.3 for package: 4:perl-5.16.3-286.el7.x86_64
--> Processing Dependency: perl(Scalar::Util) >= 1.10 for package: 4:perl-5.16.3-286.el7.x86_64
--> Processing Dependency: perl-macros for package: 4:perl-5.16.3-286.el7.x86_64
--> Processing Dependency: perl-libs for package: 4:perl-5.16.3-286.el7.x86_64
--> Processing Dependency: perl(threads::shared) for package: 4:perl-5.16.3-286.el7.x86_64
--> Processing Dependency: perl(threads) for package: 4:perl-5.16.3-286.el7.x86_64
--> Processing Dependency: perl(constant) for package: 4:perl-5.16.3-286.el7.x86_64
--> Processing Dependency: perl(Time::Local) for package: 4:perl-5.16.3-286.el7.x86_64
--> Processing Dependency: perl(Time::HiRes) for package: 4:perl-5.16.3-286.el7.x86_64
--> Processing Dependency: perl(Storable) for package: 4:perl-5.16.3-286.el7.x86_64
--> Processing Dependency: perl(Socket) for package: 4:perl-5.16.3-286.el7.x86_64
--> Processing Dependency: perl(Scalar::Util) for package: 4:perl-5.16.3-286.el7.x86_64
--> Processing Dependency: perl(Pod::Simple::XHTML) for package: 4:perl-5.16.3-286.el7.x86_64
--> Processing Dependency: perl(Pod::Simple::Search) for package: 4:perl-5.16.3-286.el7.x86_64
--> Processing Dependency: perl(Getopt::Long) for package: 4:perl-5.16.3-286.el7.x86_64
--> Processing Dependency: perl(Filter::Util::Call) for package: 4:perl-5.16.3-286.el7.x86_64
--> Processing Dependency: perl(File::Temp) for package: 4:perl-5.16.3-286.el7.x86_64
--> Processing Dependency: perl(File::Spec::Unix) for package: 4:perl-5.16.3-286.el7.x86_64
--> Processing Dependency: perl(File::Spec::Functions) for package: 4:perl-5.16.3-286.el7.x86_64
--> Processing Dependency: perl(File::Spec) for package: 4:perl-5.16.3-286.el7.x86_64
--> Processing Dependency: perl(File::Path) for package: 4:perl-5.16.3-286.el7.x86_64
--> Processing Dependency: perl(Exporter) for package: 4:perl-5.16.3-286.el7.x86_64
--> Processing Dependency: perl(Cwd) for package: 4:perl-5.16.3-286.el7.x86_64
--> Processing Dependency: perl(Carp) for package: 4:perl-5.16.3-286.el7.x86_64
--> Processing Dependency: libperl.so()(64bit) for package: 4:perl-5.16.3-286.el7.x86_64
--> Running transaction check
---> Package cpp.x86_64 0:4.8.5-4.el7 will be installed
---> Package glibc-devel.x86_64 0:2.17-106.el7_2.8 will be installed
--> Processing Dependency: glibc-headers = 2.17-106.el7_2.8 for package: glibc-devel-2.17-106.el7_2.8.x86_64
--> Processing Dependency: glibc-headers for package: glibc-devel-2.17-106.el7_2.8.x86_64
---> Package libmpc.x86_64 0:1.0.1-3.el7 will be installed
---> Package mpfr.x86_64 0:3.1.1-4.el7 will be installed
---> Package perl-Carp.noarch 0:1.26-244.el7 will be installed
---> Package perl-Exporter.noarch 0:5.68-3.el7 will be installed
---> Package perl-File-Path.noarch 0:2.09-2.el7 will be installed
---> Package perl-File-Temp.noarch 0:0.23.01-3.el7 will be installed
---> Package perl-Filter.x86_64 0:1.49-3.el7 will be installed
---> Package perl-Getopt-Long.noarch 0:2.40-2.el7 will be installed
--> Processing Dependency: perl(Pod::Usage) >= 1.14 for package: perl-Getopt-Long-2.40-2.el7.noarch
--> Processing Dependency: perl(Text::ParseWords) for package: perl-Getopt-Long-2.40-2.el7.noarch
---> Package perl-PathTools.x86_64 0:3.40-5.el7 will be installed
---> Package perl-Pod-Simple.noarch 1:3.28-4.el7 will be installed
--> Processing Dependency: perl(Pod::Escapes) >= 1.04 for package: 1:perl-Pod-Simple-3.28-4.el7.noarch
--> Processing Dependency: perl(Encode) for package: 1:perl-Pod-Simple-3.28-4.el7.noarch
---> Package perl-Scalar-List-Utils.x86_64 0:1.27-248.el7 will be installed
---> Package perl-Socket.x86_64 0:2.010-3.el7 will be installed
---> Package perl-Storable.x86_64 0:2.45-3.el7 will be installed
---> Package perl-Time-HiRes.x86_64 4:1.9725-3.el7 will be installed
---> Package perl-Time-Local.noarch 0:1.2300-2.el7 will be installed
---> Package perl-constant.noarch 0:1.27-2.el7 will be installed
---> Package perl-libs.x86_64 4:5.16.3-286.el7 will be installed
---> Package perl-macros.x86_64 4:5.16.3-286.el7 will be installed
---> Package perl-threads.x86_64 0:1.87-4.el7 will be installed
---> Package perl-threads-shared.x86_64 0:1.43-6.el7 will be installed
--> Running transaction check
---> Package glibc-headers.x86_64 0:2.17-106.el7_2.8 will be installed
--> Processing Dependency: kernel-headers >= 2.2.1 for package: glibc-headers-2.17-106.el7_2.8.x86_64
--> Processing Dependency: kernel-headers for package: glibc-headers-2.17-106.el7_2.8.x86_64
---> Package perl-Encode.x86_64 0:2.51-7.el7 will be installed
---> Package perl-Pod-Escapes.noarch 1:1.04-286.el7 will be installed
---> Package perl-Pod-Usage.noarch 0:1.63-3.el7 will be installed
--> Processing Dependency: perl(Pod::Text) >= 3.15 for package: perl-Pod-Usage-1.63-3.el7.noarch
--> Processing Dependency: perl-Pod-Perldoc for package: perl-Pod-Usage-1.63-3.el7.noarch
---> Package perl-Text-ParseWords.noarch 0:3.29-4.el7 will be installed
--> Running transaction check
---> Package kernel-headers.x86_64 0:3.10.0-327.36.1.el7 will be installed
---> Package perl-Pod-Perldoc.noarch 0:3.20-4.el7 will be installed
--> Processing Dependency: perl(parent) for package: perl-Pod-Perldoc-3.20-4.el7.noarch
--> Processing Dependency: perl(HTTP::Tiny) for package: perl-Pod-Perldoc-3.20-4.el7.noarch
---> Package perl-podlators.noarch 0:2.5.1-3.el7 will be installed
--> Running transaction check
---> Package perl-HTTP-Tiny.noarch 0:0.033-3.el7 will be installed
---> Package perl-parent.noarch 1:0.225-244.el7 will be installed
--> Finished Dependency Resolution

Dependencies Resolved

================================================================================
 Package                   Arch      Version                   Repository  Size
================================================================================
Installing:
 gcc                       x86_64    4.8.5-4.el7               base        16 M
 kernel-devel              x86_64    3.10.0-327.28.3.el7       updates     11 M
 perl                      x86_64    4:5.16.3-286.el7          base       8.0 M
Installing for dependencies:
 cpp                       x86_64    4.8.5-4.el7               base       5.9 M
 glibc-devel               x86_64    2.17-106.el7_2.8          updates    1.0 M
 glibc-headers             x86_64    2.17-106.el7_2.8          updates    663 k
 kernel-headers            x86_64    3.10.0-327.36.1.el7       updates    3.2 M
 libmpc                    x86_64    1.0.1-3.el7               base        51 k
 mpfr                      x86_64    3.1.1-4.el7               base       203 k
 perl-Carp                 noarch    1.26-244.el7              base        19 k
 perl-Encode               x86_64    2.51-7.el7                base       1.5 M
 perl-Exporter             noarch    5.68-3.el7                base        28 k
 perl-File-Path            noarch    2.09-2.el7                base        26 k
 perl-File-Temp            noarch    0.23.01-3.el7             base        56 k
 perl-Filter               x86_64    1.49-3.el7                base        76 k
 perl-Getopt-Long          noarch    2.40-2.el7                base        56 k
 perl-HTTP-Tiny            noarch    0.033-3.el7               base        38 k
 perl-PathTools            x86_64    3.40-5.el7                base        82 k
 perl-Pod-Escapes          noarch    1:1.04-286.el7            base        50 k
 perl-Pod-Perldoc          noarch    3.20-4.el7                base        87 k
 perl-Pod-Simple           noarch    1:3.28-4.el7              base       216 k
 perl-Pod-Usage            noarch    1.63-3.el7                base        27 k
 perl-Scalar-List-Utils    x86_64    1.27-248.el7              base        36 k
 perl-Socket               x86_64    2.010-3.el7               base        49 k
 perl-Storable             x86_64    2.45-3.el7                base        77 k
 perl-Text-ParseWords      noarch    3.29-4.el7                base        14 k
 perl-Time-HiRes           x86_64    4:1.9725-3.el7            base        45 k
 perl-Time-Local           noarch    1.2300-2.el7              base        24 k
 perl-constant             noarch    1.27-2.el7                base        19 k
 perl-libs                 x86_64    4:5.16.3-286.el7          base       687 k
 perl-macros               x86_64    4:5.16.3-286.el7          base        43 k
 perl-parent               noarch    1:0.225-244.el7           base        12 k
 perl-podlators            noarch    2.5.1-3.el7               base       112 k
 perl-threads              x86_64    1.87-4.el7                base        49 k
 perl-threads-shared       x86_64    1.43-6.el7                base        39 k

Transaction Summary
================================================================================
Install  3 Packages (+32 Dependent packages)

Total download size: 50 M
Installed size: 128 M
Downloading packages:
Public key for glibc-headers-2.17-106.el7_2.8.x86_64.rpm is not installed
warning: /var/cache/yum/x86_64/7/updates/packages/glibc-headers-2.17-106.el7_2.8.x86_64.rpm: Header V3 RSA/SHA256 Signature, key ID f4a80eb5: NOKEY
Public key for cpp-4.8.5-4.el7.x86_64.rpm is not installed
--------------------------------------------------------------------------------
Total                                              9.7 MB/s |  50 MB  00:05     
Retrieving key from file:///etc/pki/rpm-gpg/RPM-GPG-KEY-CentOS-7
Importing GPG key 0xF4A80EB5:
 Userid     : "CentOS-7 Key (CentOS 7 Official Signing Key) <security@centos.org>"
 Fingerprint: 6341 ab27 53d7 8a78 a7c2 7bb1 24c6 a8a7 f4a8 0eb5
 Package    : centos-release-7-2.1511.el7.centos.2.10.x86_64 (@anaconda)
 From       : /etc/pki/rpm-gpg/RPM-GPG-KEY-CentOS-7
Running transaction check
Running transaction test
Transaction test succeeded
Running transaction
  Installing : mpfr-3.1.1-4.el7.x86_64                                     1/35 
  Installing : libmpc-1.0.1-3.el7.x86_64                                   2/35 
  Installing : cpp-4.8.5-4.el7.x86_64                                      3/35 
  Installing : 1:perl-parent-0.225-244.el7.noarch                          4/35 
  Installing : perl-HTTP-Tiny-0.033-3.el7.noarch                           5/35 
  Installing : perl-podlators-2.5.1-3.el7.noarch                           6/35 
  Installing : perl-Pod-Perldoc-3.20-4.el7.noarch                          7/35 
  Installing : 1:perl-Pod-Escapes-1.04-286.el7.noarch                      8/35 
  Installing : perl-Text-ParseWords-3.29-4.el7.noarch                      9/35 
  Installing : perl-Encode-2.51-7.el7.x86_64                              10/35 
  Installing : perl-Pod-Usage-1.63-3.el7.noarch                           11/35 
  Installing : 4:perl-libs-5.16.3-286.el7.x86_64                          12/35 
  Installing : 4:perl-macros-5.16.3-286.el7.x86_64                        13/35 
  Installing : perl-Storable-2.45-3.el7.x86_64                            14/35 
  Installing : perl-Exporter-5.68-3.el7.noarch                            15/35 
  Installing : perl-constant-1.27-2.el7.noarch                            16/35 
  Installing : perl-Time-Local-1.2300-2.el7.noarch                        17/35 
  Installing : perl-Socket-2.010-3.el7.x86_64                             18/35 
  Installing : perl-Carp-1.26-244.el7.noarch                              19/35 
  Installing : 4:perl-Time-HiRes-1.9725-3.el7.x86_64                      20/35 
  Installing : perl-PathTools-3.40-5.el7.x86_64                           21/35 
  Installing : perl-Scalar-List-Utils-1.27-248.el7.x86_64                 22/35 
  Installing : perl-File-Temp-0.23.01-3.el7.noarch                        23/35 
  Installing : perl-File-Path-2.09-2.el7.noarch                           24/35 
  Installing : perl-threads-shared-1.43-6.el7.x86_64                      25/35 
  Installing : perl-threads-1.87-4.el7.x86_64                             26/35 
  Installing : perl-Filter-1.49-3.el7.x86_64                              27/35 
  Installing : 1:perl-Pod-Simple-3.28-4.el7.noarch                        28/35 
  Installing : perl-Getopt-Long-2.40-2.el7.noarch                         29/35 
  Installing : 4:perl-5.16.3-286.el7.x86_64                               30/35 
  Installing : kernel-headers-3.10.0-327.36.1.el7.x86_64                  31/35 
  Installing : glibc-headers-2.17-106.el7_2.8.x86_64                      32/35 
  Installing : glibc-devel-2.17-106.el7_2.8.x86_64                        33/35 
  Installing : gcc-4.8.5-4.el7.x86_64                                     34/35 
  Installing : kernel-devel-3.10.0-327.28.3.el7.x86_64                    35/35 
  Verifying  : perl-HTTP-Tiny-0.033-3.el7.noarch                           1/35 
  Verifying  : gcc-4.8.5-4.el7.x86_64                                      2/35 
  Verifying  : perl-threads-shared-1.43-6.el7.x86_64                       3/35 
  Verifying  : perl-Storable-2.45-3.el7.x86_64                             4/35 
  Verifying  : mpfr-3.1.1-4.el7.x86_64                                     5/35 
  Verifying  : perl-Exporter-5.68-3.el7.noarch                             6/35 
  Verifying  : perl-constant-1.27-2.el7.noarch                             7/35 
  Verifying  : perl-PathTools-3.40-5.el7.x86_64                            8/35 
  Verifying  : kernel-devel-3.10.0-327.28.3.el7.x86_64                     9/35 
  Verifying  : 4:perl-libs-5.16.3-286.el7.x86_64                          10/35 
  Verifying  : 4:perl-macros-5.16.3-286.el7.x86_64                        11/35 
  Verifying  : 1:perl-parent-0.225-244.el7.noarch                         12/35 
  Verifying  : 4:perl-5.16.3-286.el7.x86_64                               13/35 
  Verifying  : glibc-devel-2.17-106.el7_2.8.x86_64                        14/35 
  Verifying  : perl-File-Temp-0.23.01-3.el7.noarch                        15/35 
  Verifying  : 1:perl-Pod-Simple-3.28-4.el7.noarch                        16/35 
  Verifying  : glibc-headers-2.17-106.el7_2.8.x86_64                      17/35 
  Verifying  : perl-Time-Local-1.2300-2.el7.noarch                        18/35 
  Verifying  : perl-Pod-Perldoc-3.20-4.el7.noarch                         19/35 
  Verifying  : perl-Socket-2.010-3.el7.x86_64                             20/35 
  Verifying  : kernel-headers-3.10.0-327.36.1.el7.x86_64                  21/35 
  Verifying  : perl-Carp-1.26-244.el7.noarch                              22/35 
  Verifying  : 4:perl-Time-HiRes-1.9725-3.el7.x86_64                      23/35 
  Verifying  : perl-Scalar-List-Utils-1.27-248.el7.x86_64                 24/35 
  Verifying  : libmpc-1.0.1-3.el7.x86_64                                  25/35 
  Verifying  : 1:perl-Pod-Escapes-1.04-286.el7.noarch                     26/35 
  Verifying  : perl-Pod-Usage-1.63-3.el7.noarch                           27/35 
  Verifying  : perl-Encode-2.51-7.el7.x86_64                              28/35 
  Verifying  : perl-podlators-2.5.1-3.el7.noarch                          29/35 
  Verifying  : perl-Getopt-Long-2.40-2.el7.noarch                         30/35 
  Verifying  : cpp-4.8.5-4.el7.x86_64                                     31/35 
  Verifying  : perl-File-Path-2.09-2.el7.noarch                           32/35 
  Verifying  : perl-threads-1.87-4.el7.x86_64                             33/35 
  Verifying  : perl-Filter-1.49-3.el7.x86_64                              34/35 
  Verifying  : perl-Text-ParseWords-3.29-4.el7.noarch                     35/35 

Installed:
  gcc.x86_64 0:4.8.5-4.el7         kernel-devel.x86_64 0:3.10.0-327.28.3.el7    
  perl.x86_64 4:5.16.3-286.el7    

Dependency Installed:
  cpp.x86_64 0:4.8.5-4.el7                                                      
  glibc-devel.x86_64 0:2.17-106.el7_2.8                                         
  glibc-headers.x86_64 0:2.17-106.el7_2.8                                       
  kernel-headers.x86_64 0:3.10.0-327.36.1.el7                                   
  libmpc.x86_64 0:1.0.1-3.el7                                                   
  mpfr.x86_64 0:3.1.1-4.el7                                                     
  perl-Carp.noarch 0:1.26-244.el7                                               
  perl-Encode.x86_64 0:2.51-7.el7                                               
  perl-Exporter.noarch 0:5.68-3.el7                                             
  perl-File-Path.noarch 0:2.09-2.el7                                            
  perl-File-Temp.noarch 0:0.23.01-3.el7                                         
  perl-Filter.x86_64 0:1.49-3.el7                                               
  perl-Getopt-Long.noarch 0:2.40-2.el7                                          
  perl-HTTP-Tiny.noarch 0:0.033-3.el7                                           
  perl-PathTools.x86_64 0:3.40-5.el7                                            
  perl-Pod-Escapes.noarch 1:1.04-286.el7                                        
  perl-Pod-Perldoc.noarch 0:3.20-4.el7                                          
  perl-Pod-Simple.noarch 1:3.28-4.el7                                           
  perl-Pod-Usage.noarch 0:1.63-3.el7                                            
  perl-Scalar-List-Utils.x86_64 0:1.27-248.el7                                  
  perl-Socket.x86_64 0:2.010-3.el7                                              
  perl-Storable.x86_64 0:2.45-3.el7                                             
  perl-Text-ParseWords.noarch 0:3.29-4.el7                                      
  perl-Time-HiRes.x86_64 4:1.9725-3.el7                                         
  perl-Time-Local.noarch 0:1.2300-2.el7                                         
  perl-constant.noarch 0:1.27-2.el7                                             
  perl-libs.x86_64 4:5.16.3-286.el7                                             
  perl-macros.x86_64 4:5.16.3-286.el7                                           
  perl-parent.noarch 1:0.225-244.el7                                            
  perl-podlators.noarch 0:2.5.1-3.el7                                           
  perl-threads.x86_64 0:1.87-4.el7                                              
  perl-threads-shared.x86_64 0:1.43-6.el7                                       

Complete!
Copy iso file /usr/share/virtualbox/VBoxGuestAdditions.iso into the box /tmp/VBoxGuestAdditions.iso
mount: /dev/loop0 is write-protected, mounting read-only
Installing Virtualbox Guest Additions 5.0.24 - guest version is unknown
Verifying archive integrity... All good.
Uncompressing VirtualBox 5.0.24 Guest Additions for Linux............
VirtualBox Guest Additions installer
Copying additional installer modules ...
Installing additional modules ...
Removing existing VirtualBox non-DKMS kernel modules[  OK  ]
Building the VirtualBox Guest Additions kernel modules
Building the main Guest Additions module[  OK  ]
Building the shared folder support module[  OK  ]
Building the graphics driver module[  OK  ]
Doing non-kernel setup of the Guest Additions[  OK  ]
Starting the VirtualBox Guest Additions Installing the Window System drivers
Could not find the X.Org or XFree86 Window System, skipping.
[  OK  ]
==> node1.mihura.com: Checking for guest additions in VM...
==> node1.mihura.com: Setting hostname...
==> node1.mihura.com: Configuring and enabling network interfaces...
==> node1.mihura.com: Rsyncing folder: /home/Student/exit/puppet/ => /vagrant
==> node1.mihura.com: Running provisioner: shell...
    node1.mihura.com: Running: inline script
==> node1.mihura.com: warning: /var/tmp/rpm-tmp.EgyrDu: Header V4 RSA/SHA512 Signature, key ID 4bd6ec30: NOKEY
==> node1.mihura.com: Retrieving https://yum.puppetlabs.com/puppetlabs-release-pc1-el-7.noarch.rpm
==> node1.mihura.com: Preparing...                          
==> node1.mihura.com: ########################################
==> node1.mihura.com: Updating / installing...
==> node1.mihura.com: puppetlabs-release-pc1-1.1.0-2.el7    
==> node1.mihura.com: ########################################
==> node1.mihura.com: Loaded plugins: fastestmirror
==> node1.mihura.com: Loading mirror speeds from cached hostfile
==> node1.mihura.com:  * base: ftp.byfly.by
==> node1.mihura.com:  * extras: ftp.byfly.by
==> node1.mihura.com:  * updates: ftp.byfly.by
==> node1.mihura.com: Resolving Dependencies
==> node1.mihura.com: --> Running transaction check
==> node1.mihura.com: ---> Package puppet-agent.x86_64 0:1.7.0-1.el7 will be installed
==> node1.mihura.com: --> Finished Dependency Resolution
==> node1.mihura.com: 
==> node1.mihura.com: Dependencies Resolved
==> node1.mihura.com: 
==> node1.mihura.com: ================================================================================
==> node1.mihura.com:  Package            Arch         Version             Repository            Size
==> node1.mihura.com: ================================================================================
==> node1.mihura.com: Installing:
==> node1.mihura.com:  puppet-agent       x86_64       1.7.0-1.el7         puppetlabs-pc1        24 M
==> node1.mihura.com: 
==> node1.mihura.com: Transaction Summary
==> node1.mihura.com: ================================================================================
==> node1.mihura.com: Install  1 Package
==> node1.mihura.com: 
==> node1.mihura.com: Total download size: 24 M
==> node1.mihura.com: Installed size: 114 M
==> node1.mihura.com: Downloading packages:
==> node1.mihura.com: Public key for puppet-agent-1.7.0-1.el7.x86_64.rpm is not installed
==> node1.mihura.com: warning: /var/cache/yum/x86_64/7/puppetlabs-pc1/packages/puppet-agent-1.7.0-1.el7.x86_64.rpm: Header V4 RSA/SHA1 Signature, key ID ef8d349f: NOKEY
==> node1.mihura.com: Retrieving key from file:///etc/pki/rpm-gpg/RPM-GPG-KEY-puppetlabs-PC1
==> node1.mihura.com: Importing GPG key 0x4BD6EC30:
==> node1.mihura.com:  Userid     : "Puppet Labs Release Key (Puppet Labs Release Key) <info@puppetlabs.com>"
==> node1.mihura.com:  Fingerprint: 47b3 20eb 4c7c 375a a9da e1a0 1054 b7a2 4bd6 ec30
==> node1.mihura.com:  Package    : puppetlabs-release-pc1-1.1.0-2.el7.noarch (installed)
==> node1.mihura.com:  From       : /etc/pki/rpm-gpg/RPM-GPG-KEY-puppetlabs-PC1
==> node1.mihura.com: Retrieving key from file:///etc/pki/rpm-gpg/RPM-GPG-KEY-puppet-PC1
==> node1.mihura.com: Importing GPG key 0xEF8D349F:
==> node1.mihura.com:  Userid     : "Puppet, Inc. Release Key (Puppet, Inc. Release Key) <release@puppet.com>"
==> node1.mihura.com:  Fingerprint: 6f6b 1550 9cf8 e59e 6e46 9f32 7f43 8280 ef8d 349f
==> node1.mihura.com:  Package    : puppetlabs-release-pc1-1.1.0-2.el7.noarch (installed)
==> node1.mihura.com:  From       : /etc/pki/rpm-gpg/RPM-GPG-KEY-puppet-PC1
==> node1.mihura.com: Running transaction check
==> node1.mihura.com: Running transaction test
==> node1.mihura.com: Transaction test succeeded
==> node1.mihura.com: Running transaction
==> node1.mihura.com: Warning: RPMDB altered outside of yum.
==> node1.mihura.com:   Installing : puppet-agent-1.7.0-1.el7.x86_64                              1/1
==> node1.mihura.com:  
==> node1.mihura.com:   Verifying  : puppet-agent-1.7.0-1.el7.x86_64                              1/1
==> node1.mihura.com:  
==> node1.mihura.com: 
==> node1.mihura.com: Installed:
==> node1.mihura.com:   puppet-agent.x86_64 0:1.7.0-1.el7                                             
==> node1.mihura.com: 
==> node1.mihura.com: Complete!
==> node1.mihura.com: [mNotice: Compiled catalog for node1.mihura.com in environment production in 0.31 seconds[0m
==> node1.mihura.com: [mNotice: /Stage[main]/Exit::Node/Host[master.mihura.com]/ensure: created[0m
==> node1.mihura.com: [mNotice: /Stage[main]/Exit::Node/File[/etc/puppetlabs/puppet/puppet.conf]/content: content changed '{md5}4aa9cdfbd521a086dd948b8a1fb936aa' to '{md5}f151af6d7b09d071625e54a23768ec7f'[0m
==> node1.mihura.com: [mNotice: /Stage[main]/Exit::Node/Service[puppet]/ensure: ensure changed 'stopped' to 'running'[0m
==> node1.mihura.com: [mNotice: Applied catalog in 0.54 seconds[0m
